Arguments: 
  /usr/local/bin/node /usr/local/Cellar/yarn/1.12.3/libexec/bin/yarn.js add -D prettier

PATH: 
  /Users/leesunhong/Documents/google-cloud-sdk/bin:/Users/leesunhong/anaconda3/bin:/usr/local/bin:/usr/bin:/bin:/usr/sbin:/sbin:/opt/X11/bin:/Library/Frameworks/Mono.framework/Versions/Current/Commands:/Users/leesunhong/Documents/google-cloud-sdk/bin:/Users/leesunhong/anaconda3/bin:JAVA_HOME/bin:JAVA_HOME/bin

Yarn version: 
  1.12.3

Node version: 
  10.16.0

Platform: 
  darwin x64

Trace: 
  SyntaxError: /Users/leesunhong/Documents/mywork/19/blue-social-app/package.json: Unexpected token } in JSON at position 263
      at JSON.parse (<anonymous>)
      at /usr/local/Cellar/yarn/1.12.3/libexec/lib/cli.js:1631:59
      at Generator.next (<anonymous>)
      at step (/usr/local/Cellar/yarn/1.12.3/libexec/lib/cli.js:304:30)
      at /usr/local/Cellar/yarn/1.12.3/libexec/lib/cli.js:315:13

npm manifest: 
  {
    "name": "blue-social-app",
    "version": "1.0.0",
    "main": "index.js",
    "license": "MIT",
    "scripts": {
      "format": "prettier --write \"./**/*.{js,html}\"",
      "dev": "parcel index.html"
    },
    "repository": "git@github.com:nuseehr/blue-social-app.git",
  }

yarn manifest: 
  No manifest

Lockfile: 
  No lockfile
